    ======  ======
    Time:2/1/2022 2:43:59 PM
    Title: Initiate log
    Message: 
    Time:2/1/2022 2:43:59 PM
    Title: Initiate InternalManager
    Message: Trying to Validate License
    Time:2/1/2022 2:43:59 PM
    Title: Requesting EVT
    Message: EVTP
    Time:2/1/2022 2:43:59 PM
    Title: Requesting Validation
    Message: ILMValidate
    Time:2/1/2022 2:43:59 PM
    Title: LICENSER
    Message: READ REGS START
    Time:2/1/2022 2:44:00 PM
    Title: Requesting Validation
    Message: ILMValidate True
    Time:2/1/2022 2:44:00 PM
    Title: Requesting Validation
    Message: ILMValidate True NotTrial
